{"uuid":"44954d65-360c-44d6-ab6e-a80ede8ffa80","historyId":"e478eee689a3348419768471b6dd2ef9","fullName":"CartTests.deleteProduct","labels":[{"name":"package","value":"CartTests"},{"name":"testClass","value":"CartTests"},{"name":"testMethod","value":"deleteProduct"},{"name":"parentSuite","value":"Default Suite"},{"name":"suite","value":"Trendyol_Selenium_TestAutomation"},{"name":"subSuite","value":"CartTests"},{"name":"host","value":"Meleks-MacBook-Pro.local"},{"name":"thread","value":"19488@Meleks-MacBook-Pro.local.main(3)"},{"name":"framework","value":"testng"},{"name":"language","value":"java"}],"links":[],"name":"Sepeten ürün silme","status":"broken","statusDetails":{"known":false,"muted":false,"flaky":false,"message":"element click intercepted: Element <button aria-label=\"Ürünü sepetten çıkartma\" class=\"checkout-saving-remove-button\">...</button> is not clickable at point (889, 313). Other element would receive the click: <div class=\"onboarding-overlay\"></div>\n  (Session info: chrome=135.0.7049.85)\nBuild info: version: '4.31.0', revision: '1ef9f18787*'\nSystem info: os.name: 'Mac OS X', os.arch: 'aarch64', os.version: '15.3.1', java.version: '24'\nDriver info: org.openqa.selenium.chrome.ChromeDriver\nCommand: [659fc0ee60f8d474abe9827125ea78b2, clickElement {id=f.DD868E319C6623C8F2A75B8D7BDD42C4.d.DF5B50A8AB94F9599CAB4D8593326834.e.190}]\nCapabilities {acceptInsecureCerts: false, browserName: chrome, browserVersion: 135.0.7049.85, chrome: {chromedriverVersion: 135.0.7049.84 (6c019e560019..., userDataDir: /var/folders/39/wy9vg_js2cd...}, fedcm:accounts: true, goog:chromeOptions: {debuggerAddress: localhost:57010}, networkConnectionEnabled: false, pageLoadStrategy: normal, platformName: mac, proxy: Proxy(), se:cdp: ws://localhost:57010/devtoo..., se:cdpVersion: 135.0.7049.85, setWindowRect: true, strictFileInteractability: false, timeouts: {implicit: 0, pageLoad: 300000, script: 30000}, unhandledPromptBehavior: dismiss and notify, webauthn:extension:credBlob: true, webauthn:extension:largeBlob: true, webauthn:extension:minPinLength: true, webauthn:extension:prf: true, webauthn:virtualAuthenticators: true}\nElement: [[ChromeDriver: chrome on mac (659fc0ee60f8d474abe9827125ea78b2)] -> css selector: .checkout-saving-remove-button]\nSession ID: 659fc0ee60f8d474abe9827125ea78b2","trace":"org.openqa.selenium.ElementClickInterceptedException: element click intercepted: Element <button aria-label=\"Ürünü sepetten çıkartma\" class=\"checkout-saving-remove-button\">...</button> is not clickable at point (889, 313). Other element would receive the click: <div class=\"onboarding-overlay\"></div>\n  (Session info: chrome=135.0.7049.85)\nBuild info: version: '4.31.0', revision: '1ef9f18787*'\nSystem info: os.name: 'Mac OS X', os.arch: 'aarch64', os.version: '15.3.1', java.version: '24'\nDriver info: org.openqa.selenium.chrome.ChromeDriver\nCommand: [659fc0ee60f8d474abe9827125ea78b2, clickElement {id=f.DD868E319C6623C8F2A75B8D7BDD42C4.d.DF5B50A8AB94F9599CAB4D8593326834.e.190}]\nCapabilities {acceptInsecureCerts: false, browserName: chrome, browserVersion: 135.0.7049.85, chrome: {chromedriverVersion: 135.0.7049.84 (6c019e560019..., userDataDir: /var/folders/39/wy9vg_js2cd...}, fedcm:accounts: true, goog:chromeOptions: {debuggerAddress: localhost:57010}, networkConnectionEnabled: false, pageLoadStrategy: normal, platformName: mac, proxy: Proxy(), se:cdp: ws://localhost:57010/devtoo..., se:cdpVersion: 135.0.7049.85, setWindowRect: true, strictFileInteractability: false, timeouts: {implicit: 0, pageLoad: 300000, script: 30000}, unhandledPromptBehavior: dismiss and notify, webauthn:extension:credBlob: true, webauthn:extension:largeBlob: true, webauthn:extension:minPinLength: true, webauthn:extension:prf: true, webauthn:virtualAuthenticators: true}\nElement: [[ChromeDriver: chrome on mac (659fc0ee60f8d474abe9827125ea78b2)] -> css selector: .checkout-saving-remove-button]\nSession ID: 659fc0ee60f8d474abe9827125ea78b2\n\tat java.base/jdk.internal.reflect.DirectConstructorHandleAccessor.newInstance(DirectConstructorHandleAccessor.java:62)\n\tat java.base/java.lang.reflect.Constructor.newInstanceWithCaller(Constructor.java:499)\n\tat java.base/java.lang.reflect.Constructor.newInstance(Constructor.java:483)\n\tat org.openqa.selenium.remote.ErrorCodec.decode(ErrorCodec.java:167)\n\tat org.openqa.selenium.remote.codec.w3c.W3CHttpResponseCodec.decode(W3CHttpResponseCodec.java:138)\n\tat org.openqa.selenium.remote.codec.w3c.W3CHttpResponseCodec.decode(W3CHttpResponseCodec.java:50)\n\tat org.openqa.selenium.remote.HttpCommandExecutor.execute(HttpCommandExecutor.java:215)\n\tat org.openqa.selenium.remote.service.DriverCommandExecutor.invokeExecute(DriverCommandExecutor.java:216)\n\tat org.openqa.selenium.remote.service.DriverCommandExecutor.execute(DriverCommandExecutor.java:174)\n\tat org.openqa.selenium.remote.RemoteWebDriver.execute(RemoteWebDriver.java:545)\n\tat org.openqa.selenium.remote.RemoteWebElement.execute(RemoteWebElement.java:223)\n\tat org.openqa.selenium.remote.RemoteWebElement.click(RemoteWebElement.java:76)\n\tat Pages.CartPage.deleteProduct(CartPage.java:49)\n\tat CartTests.deleteProduct(CartTests.java:40)\n\tat java.base/jdk.internal.reflect.DirectMethodHandleAccessor.invoke(DirectMethodHandleAccessor.java:104)\n\tat java.base/java.lang.reflect.Method.invoke(Method.java:565)\n\tat org.testng.internal.invokers.MethodInvocationHelper.invokeMethod(MethodInvocationHelper.java:141)\n\tat org.testng.internal.invokers.TestInvoker.invokeMethod(TestInvoker.java:687)\n\tat org.testng.internal.invokers.TestInvoker.invokeTestMethod(TestInvoker.java:230)\n\tat org.testng.internal.invokers.MethodRunner.runInSequence(MethodRunner.java:63)\n\tat org.testng.internal.invokers.TestInvoker$MethodInvocationAgent.invoke(TestInvoker.java:995)\n\tat org.testng.internal.invokers.TestInvoker.invokeTestMethods(TestInvoker.java:203)\n\tat org.testng.internal.invokers.TestMethodWorker.invokeTestMethods(TestMethodWorker.java:154)\n\tat org.testng.internal.invokers.TestMethodWorker.run(TestMethodWorker.java:134)\n\tat java.base/java.util.ArrayList.forEach(ArrayList.java:1604)\n\tat org.testng.TestRunner.privateRun(TestRunner.java:741)\n\tat org.testng.TestRunner.run(TestRunner.java:616)\n\tat org.testng.SuiteRunner.runTest(SuiteRunner.java:421)\n\tat org.testng.SuiteRunner.runSequentially(SuiteRunner.java:413)\n\tat org.testng.SuiteRunner.privateRun(SuiteRunner.java:373)\n\tat org.testng.SuiteRunner.run(SuiteRunner.java:312)\n\tat org.testng.SuiteRunnerWorker.runSuite(SuiteRunnerWorker.java:52)\n\tat org.testng.SuiteRunnerWorker.run(SuiteRunnerWorker.java:95)\n\tat org.testng.TestNG.runSuitesSequentially(TestNG.java:1274)\n\tat org.testng.TestNG.runSuitesLocally(TestNG.java:1208)\n\tat org.testng.TestNG.runSuites(TestNG.java:1112)\n\tat org.testng.TestNG.run(TestNG.java:1079)\n\tat com.intellij.rt.testng.IDEARemoteTestNG.run(IDEARemoteTestNG.java:65)\n\tat com.intellij.rt.testng.RemoteTestNGStarter.main(RemoteTestNGStarter.java:105)\n"},"stage":"finished","steps":[{"name":"eposta alani doldurulur","status":"passed","stage":"finished","steps":[],"attachments":[],"parameters":[{"name":"email","value":"zrncmlk@gmail.com"}],"start":1744575403117,"stop":1744575403275},{"name":"parola alanimiz doldurulur","status":"passed","stage":"finished","steps":[],"attachments":[],"parameters":[{"name":"password","value":"Admin1234*"}],"start":1744575403276,"stop":1744575403351},{"name":"Login alanına tıklanir","status":"passed","stage":"finished","steps":[],"attachments":[],"parameters":[],"start":1744575403351,"stop":1744575403370},{"name":"sepete ürün ekleme","status":"passed","stage":"finished","steps":[],"attachments":[],"parameters":[{"name":"Locator","value":"[class='add-to-basket']"}],"start":1744575403371,"stop":1744575410564},{"name":"ürün silme","status":"broken","statusDetails":{"known":false,"muted":false,"flaky":false,"message":"element click intercepted: Element <button aria-label=\"Ürünü sepetten çıkartma\" class=\"checkout-saving-remove-button\">...</button> is not clickable at point (889, 313). Other element would receive the click: <div class=\"onboarding-overlay\"></div>\n  (Session info: chrome=135.0.7049.85)\nBuild info: version: '4.31.0', revision: '1ef9f18787*'\nSystem info: os.name: 'Mac OS X', os.arch: 'aarch64', os.version: '15.3.1', java.version: '24'\nDriver info: org.openqa.selenium.chrome.ChromeDriver\nCommand: [659fc0ee60f8d474abe9827125ea78b2, clickElement {id=f.DD868E319C6623C8F2A75B8D7BDD42C4.d.DF5B50A8AB94F9599CAB4D8593326834.e.190}]\nCapabilities {acceptInsecureCerts: false, browserName: chrome, browserVersion: 135.0.7049.85, chrome: {chromedriverVersion: 135.0.7049.84 (6c019e560019..., userDataDir: /var/folders/39/wy9vg_js2cd...}, fedcm:accounts: true, goog:chromeOptions: {debuggerAddress: localhost:57010}, networkConnectionEnabled: false, pageLoadStrategy: normal, platformName: mac, proxy: Proxy(), se:cdp: ws://localhost:57010/devtoo..., se:cdpVersion: 135.0.7049.85, setWindowRect: true, strictFileInteractability: false, timeouts: {implicit: 0, pageLoad: 300000, script: 30000}, unhandledPromptBehavior: dismiss and notify, webauthn:extension:credBlob: true, webauthn:extension:largeBlob: true, webauthn:extension:minPinLength: true, webauthn:extension:prf: true, webauthn:virtualAuthenticators: true}\nElement: [[ChromeDriver: chrome on mac (659fc0ee60f8d474abe9827125ea78b2)] -> css selector: .checkout-saving-remove-button]\nSession ID: 659fc0ee60f8d474abe9827125ea78b2","trace":"org.openqa.selenium.ElementClickInterceptedException: element click intercepted: Element <button aria-label=\"Ürünü sepetten çıkartma\" class=\"checkout-saving-remove-button\">...</button> is not clickable at point (889, 313). Other element would receive the click: <div class=\"onboarding-overlay\"></div>\n  (Session info: chrome=135.0.7049.85)\nBuild info: version: '4.31.0', revision: '1ef9f18787*'\nSystem info: os.name: 'Mac OS X', os.arch: 'aarch64', os.version: '15.3.1', java.version: '24'\nDriver info: org.openqa.selenium.chrome.ChromeDriver\nCommand: [659fc0ee60f8d474abe9827125ea78b2, clickElement {id=f.DD868E319C6623C8F2A75B8D7BDD42C4.d.DF5B50A8AB94F9599CAB4D8593326834.e.190}]\nCapabilities {acceptInsecureCerts: false, browserName: chrome, browserVersion: 135.0.7049.85, chrome: {chromedriverVersion: 135.0.7049.84 (6c019e560019..., userDataDir: /var/folders/39/wy9vg_js2cd...}, fedcm:accounts: true, goog:chromeOptions: {debuggerAddress: localhost:57010}, networkConnectionEnabled: false, pageLoadStrategy: normal, platformName: mac, proxy: Proxy(), se:cdp: ws://localhost:57010/devtoo..., se:cdpVersion: 135.0.7049.85, setWindowRect: true, strictFileInteractability: false, timeouts: {implicit: 0, pageLoad: 300000, script: 30000}, unhandledPromptBehavior: dismiss and notify, webauthn:extension:credBlob: true, webauthn:extension:largeBlob: true, webauthn:extension:minPinLength: true, webauthn:extension:prf: true, webauthn:virtualAuthenticators: true}\nElement: [[ChromeDriver: chrome on mac (659fc0ee60f8d474abe9827125ea78b2)] -> css selector: .checkout-saving-remove-button]\nSession ID: 659fc0ee60f8d474abe9827125ea78b2\n\tat java.base/jdk.internal.reflect.DirectConstructorHandleAccessor.newInstance(DirectConstructorHandleAccessor.java:62)\n\tat java.base/java.lang.reflect.Constructor.newInstanceWithCaller(Constructor.java:499)\n\tat java.base/java.lang.reflect.Constructor.newInstance(Constructor.java:483)\n\tat org.openqa.selenium.remote.ErrorCodec.decode(ErrorCodec.java:167)\n\tat org.openqa.selenium.remote.codec.w3c.W3CHttpResponseCodec.decode(W3CHttpResponseCodec.java:138)\n\tat org.openqa.selenium.remote.codec.w3c.W3CHttpResponseCodec.decode(W3CHttpResponseCodec.java:50)\n\tat org.openqa.selenium.remote.HttpCommandExecutor.execute(HttpCommandExecutor.java:215)\n\tat org.openqa.selenium.remote.service.DriverCommandExecutor.invokeExecute(DriverCommandExecutor.java:216)\n\tat org.openqa.selenium.remote.service.DriverCommandExecutor.execute(DriverCommandExecutor.java:174)\n\tat org.openqa.selenium.remote.RemoteWebDriver.execute(RemoteWebDriver.java:545)\n\tat org.openqa.selenium.remote.RemoteWebElement.execute(RemoteWebElement.java:223)\n\tat org.openqa.selenium.remote.RemoteWebElement.click(RemoteWebElement.java:76)\n\tat Pages.CartPage.deleteProduct(CartPage.java:49)\n\tat CartTests.deleteProduct(CartTests.java:40)\n\tat java.base/jdk.internal.reflect.DirectMethodHandleAccessor.invoke(DirectMethodHandleAccessor.java:104)\n\tat java.base/java.lang.reflect.Method.invoke(Method.java:565)\n\tat org.testng.internal.invokers.MethodInvocationHelper.invokeMethod(MethodInvocationHelper.java:141)\n\tat org.testng.internal.invokers.TestInvoker.invokeMethod(TestInvoker.java:687)\n\tat org.testng.internal.invokers.TestInvoker.invokeTestMethod(TestInvoker.java:230)\n\tat org.testng.internal.invokers.MethodRunner.runInSequence(MethodRunner.java:63)\n\tat org.testng.internal.invokers.TestInvoker$MethodInvocationAgent.invoke(TestInvoker.java:995)\n\tat org.testng.internal.invokers.TestInvoker.invokeTestMethods(TestInvoker.java:203)\n\tat org.testng.internal.invokers.TestMethodWorker.invokeTestMethods(TestMethodWorker.java:154)\n\tat org.testng.internal.invokers.TestMethodWorker.run(TestMethodWorker.java:134)\n\tat java.base/java.util.ArrayList.forEach(ArrayList.java:1604)\n\tat org.testng.TestRunner.privateRun(TestRunner.java:741)\n\tat org.testng.TestRunner.run(TestRunner.java:616)\n\tat org.testng.SuiteRunner.runTest(SuiteRunner.java:421)\n\tat org.testng.SuiteRunner.runSequentially(SuiteRunner.java:413)\n\tat org.testng.SuiteRunner.privateRun(SuiteRunner.java:373)\n\tat org.testng.SuiteRunner.run(SuiteRunner.java:312)\n\tat org.testng.SuiteRunnerWorker.runSuite(SuiteRunnerWorker.java:52)\n\tat org.testng.SuiteRunnerWorker.run(SuiteRunnerWorker.java:95)\n\tat org.testng.TestNG.runSuitesSequentially(TestNG.java:1274)\n\tat org.testng.TestNG.runSuitesLocally(TestNG.java:1208)\n\tat org.testng.TestNG.runSuites(TestNG.java:1112)\n\tat org.testng.TestNG.run(TestNG.java:1079)\n\tat com.intellij.rt.testng.IDEARemoteTestNG.run(IDEARemoteTestNG.java:65)\n\tat com.intellij.rt.testng.RemoteTestNGStarter.main(RemoteTestNGStarter.java:105)\n"},"stage":"finished","steps":[],"attachments":[],"parameters":[{"name":"Locator","value":".checkout-saving-remove-button"}],"start":1744575410565,"stop":1744575415808}],"attachments":[],"parameters":[],"start":1744575403099,"stop":1744575415815}