{"uuid":"ed4beac4-f2d2-42de-a4b9-c5914147870e","historyId":"50d9b0c5584929fabd2fb1f01f363784","fullName":"CartTests.urunEkleme","labels":[{"name":"package","value":"CartTests"},{"name":"testClass","value":"CartTests"},{"name":"testMethod","value":"urunEkleme"},{"name":"parentSuite","value":"Default Suite"},{"name":"suite","value":"Trendyol_Selenium_TestAutomation"},{"name":"subSuite","value":"CartTests"},{"name":"host","value":"Meleks-MacBook-Pro.local"},{"name":"thread","value":"11697@Meleks-MacBook-Pro.local.main(3)"},{"name":"framework","value":"testng"},{"name":"language","value":"java"}],"links":[],"name":"Sepete ürün ekleme","status":"failed","statusDetails":{"known":false,"muted":false,"flaky":false,"message":"expected [https://www.trendyol.com/apple/macbook-air-m2-16gb-256gb-ssd-macos-13-tasinabilir-bilgisayar-uzay-grisi-mc7u4tu-a-p-871069140?boutiqueId=61&merchantId=787811] but found [https://www.trendyol.com/sr?wc=108656&wb=101470&qt=Bilgisayar&st=Bilgisayar&os=1]","trace":"java.lang.AssertionError: expected [https://www.trendyol.com/apple/macbook-air-m2-16gb-256gb-ssd-macos-13-tasinabilir-bilgisayar-uzay-grisi-mc7u4tu-a-p-871069140?boutiqueId=61&merchantId=787811] but found [https://www.trendyol.com/sr?wc=108656&wb=101470&qt=Bilgisayar&st=Bilgisayar&os=1]\n\tat org.testng.Assert.fail(Assert.java:111)\n\tat org.testng.Assert.failNotEquals(Assert.java:1590)\n\tat org.testng.Assert.assertEqualsImpl(Assert.java:150)\n\tat org.testng.Assert.assertEquals(Assert.java:132)\n\tat org.testng.Assert.assertEquals(Assert.java:656)\n\tat org.testng.Assert.assertEquals(Assert.java:666)\n\tat Pages.CartPage.checkUrl(CartPage.java:13)\n\tat CartTests.urunEkleme(CartTests.java:31)\n\tat java.base/jdk.internal.reflect.DirectMethodHandleAccessor.invoke(DirectMethodHandleAccessor.java:104)\n\tat java.base/java.lang.reflect.Method.invoke(Method.java:565)\n\tat org.testng.internal.invokers.MethodInvocationHelper.invokeMethod(MethodInvocationHelper.java:141)\n\tat org.testng.internal.invokers.TestInvoker.invokeMethod(TestInvoker.java:687)\n\tat org.testng.internal.invokers.TestInvoker.invokeTestMethod(TestInvoker.java:230)\n\tat org.testng.internal.invokers.MethodRunner.runInSequence(MethodRunner.java:63)\n\tat org.testng.internal.invokers.TestInvoker$MethodInvocationAgent.invoke(TestInvoker.java:995)\n\tat org.testng.internal.invokers.TestInvoker.invokeTestMethods(TestInvoker.java:203)\n\tat org.testng.internal.invokers.TestMethodWorker.invokeTestMethods(TestMethodWorker.java:154)\n\tat org.testng.internal.invokers.TestMethodWorker.run(TestMethodWorker.java:134)\n\tat java.base/java.util.ArrayList.forEach(ArrayList.java:1604)\n\tat org.testng.TestRunner.privateRun(TestRunner.java:741)\n\tat org.testng.TestRunner.run(TestRunner.java:616)\n\tat org.testng.SuiteRunner.runTest(SuiteRunner.java:421)\n\tat org.testng.SuiteRunner.runSequentially(SuiteRunner.java:413)\n\tat org.testng.SuiteRunner.privateRun(SuiteRunner.java:373)\n\tat org.testng.SuiteRunner.run(SuiteRunner.java:312)\n\tat org.testng.SuiteRunnerWorker.runSuite(SuiteRunnerWorker.java:52)\n\tat org.testng.SuiteRunnerWorker.run(SuiteRunnerWorker.java:95)\n\tat org.testng.TestNG.runSuitesSequentially(TestNG.java:1274)\n\tat org.testng.TestNG.runSuitesLocally(TestNG.java:1208)\n\tat org.testng.TestNG.runSuites(TestNG.java:1112)\n\tat org.testng.TestNG.run(TestNG.java:1079)\n\tat com.intellij.rt.testng.IDEARemoteTestNG.run(IDEARemoteTestNG.java:65)\n\tat com.intellij.rt.testng.RemoteTestNGStarter.main(RemoteTestNGStarter.java:105)\n"},"stage":"finished","steps":[{"name":"eposta alani doldurulur","status":"passed","stage":"finished","steps":[],"attachments":[],"parameters":[{"name":"email","value":"zrncmlk@gmail.com"}],"start":1744563911480,"stop":1744563911665},{"name":"parola alanimiz doldurulur","status":"passed","stage":"finished","steps":[],"attachments":[],"parameters":[{"name":"password","value":"Admin1234*"}],"start":1744563911665,"stop":1744563911741},{"name":"Login alanına tıklanir","status":"passed","stage":"finished","steps":[],"attachments":[],"parameters":[],"start":1744563911741,"stop":1744563911760},{"name":"Search ile ürün arama","status":"passed","stage":"finished","steps":[],"attachments":[],"parameters":[{"name":"productKey","value":"Bilgisayar"}],"start":1744563913761,"stop":1744563916580},{"name":"Marka Filtreleme","status":"passed","stage":"finished","steps":[],"attachments":[],"parameters":[{"name":"brandName","value":"apple"}],"start":1744563916581,"stop":1744563922947},{"name":"URL kontrolü","status":"failed","statusDetails":{"known":false,"muted":false,"flaky":false,"message":"expected [https://www.trendyol.com/apple/macbook-air-m2-16gb-256gb-ssd-macos-13-tasinabilir-bilgisayar-uzay-grisi-mc7u4tu-a-p-871069140?boutiqueId=61&merchantId=787811] but found [https://www.trendyol.com/sr?wc=108656&wb=101470&qt=Bilgisayar&st=Bilgisayar&os=1]","trace":"java.lang.AssertionError: expected [https://www.trendyol.com/apple/macbook-air-m2-16gb-256gb-ssd-macos-13-tasinabilir-bilgisayar-uzay-grisi-mc7u4tu-a-p-871069140?boutiqueId=61&merchantId=787811] but found [https://www.trendyol.com/sr?wc=108656&wb=101470&qt=Bilgisayar&st=Bilgisayar&os=1]\n\tat org.testng.Assert.fail(Assert.java:111)\n\tat org.testng.Assert.failNotEquals(Assert.java:1590)\n\tat org.testng.Assert.assertEqualsImpl(Assert.java:150)\n\tat org.testng.Assert.assertEquals(Assert.java:132)\n\tat org.testng.Assert.assertEquals(Assert.java:656)\n\tat org.testng.Assert.assertEquals(Assert.java:666)\n\tat Pages.CartPage.checkUrl(CartPage.java:13)\n\tat CartTests.urunEkleme(CartTests.java:31)\n\tat java.base/jdk.internal.reflect.DirectMethodHandleAccessor.invoke(DirectMethodHandleAccessor.java:104)\n\tat java.base/java.lang.reflect.Method.invoke(Method.java:565)\n\tat org.testng.internal.invokers.MethodInvocationHelper.invokeMethod(MethodInvocationHelper.java:141)\n\tat org.testng.internal.invokers.TestInvoker.invokeMethod(TestInvoker.java:687)\n\tat org.testng.internal.invokers.TestInvoker.invokeTestMethod(TestInvoker.java:230)\n\tat org.testng.internal.invokers.MethodRunner.runInSequence(MethodRunner.java:63)\n\tat org.testng.internal.invokers.TestInvoker$MethodInvocationAgent.invoke(TestInvoker.java:995)\n\tat org.testng.internal.invokers.TestInvoker.invokeTestMethods(TestInvoker.java:203)\n\tat org.testng.internal.invokers.TestMethodWorker.invokeTestMethods(TestMethodWorker.java:154)\n\tat org.testng.internal.invokers.TestMethodWorker.run(TestMethodWorker.java:134)\n\tat java.base/java.util.ArrayList.forEach(ArrayList.java:1604)\n\tat org.testng.TestRunner.privateRun(TestRunner.java:741)\n\tat org.testng.TestRunner.run(TestRunner.java:616)\n\tat org.testng.SuiteRunner.runTest(SuiteRunner.java:421)\n\tat org.testng.SuiteRunner.runSequentially(SuiteRunner.java:413)\n\tat org.testng.SuiteRunner.privateRun(SuiteRunner.java:373)\n\tat org.testng.SuiteRunner.run(SuiteRunner.java:312)\n\tat org.testng.SuiteRunnerWorker.runSuite(SuiteRunnerWorker.java:52)\n\tat org.testng.SuiteRunnerWorker.run(SuiteRunnerWorker.java:95)\n\tat org.testng.TestNG.runSuitesSequentially(TestNG.java:1274)\n\tat org.testng.TestNG.runSuitesLocally(TestNG.java:1208)\n\tat org.testng.TestNG.runSuites(TestNG.java:1112)\n\tat org.testng.TestNG.run(TestNG.java:1079)\n\tat com.intellij.rt.testng.IDEARemoteTestNG.run(IDEARemoteTestNG.java:65)\n\tat com.intellij.rt.testng.RemoteTestNGStarter.main(RemoteTestNGStarter.java:105)\n"},"stage":"finished","steps":[],"attachments":[],"parameters":[{"name":"expectedUrl","value":"https://www.trendyol.com/apple/macbook-air-m2-16gb-256gb-ssd-macos-13-tasinabilir-bilgisayar-uzay-grisi-mc7u4tu-a-p-871069140?boutiqueId=61&merchantId=787811"}],"start":1744563924950,"stop":1744563924966}],"attachments":[],"parameters":[],"start":1744563911459,"stop":1744563924970}